Build started 7/18/2011 2:09:27 PM.
     1>Project "C:\Users\nnesic\Desktop\ActiveLighting_2\jpgd03b\jpg2tga\jpg2tga.vcxproj" on node 2 (build target(s)).
     1>InitializeBuildStatus:
         Touching ".\Debug\jpg2tga.unsuccessfulbuild".
       ClCompile:
         All outputs are up-to-date.
       ManifestResourceCompile:
         All outputs are up-to-date.
     1>C:\Program Files (x86)\MSBuild\Microsoft.Cpp\v4.0\Microsoft.CppBuild.targets(990,5): warning MSB8012: TargetPath(C:\Users\nnesic\Desktop\ActiveLighting_2\jpgd03b\jpg2tga\.\Debug\jpg2tga.exe) does not match the Linker's OutputFile property value (C:\Users\nnesic\Desktop\ActiveLighting_2\jpgd03b\bin\jpg2tga_d.exe). This may cause your project to build incorrectly. To correct this, please make sure that $(OutDir), $(TargetName) and $(TargetExt) property values match the value specified in %(Link.OutputFile).
     1>C:\Program Files (x86)\MSBuild\Microsoft.Cpp\v4.0\Microsoft.CppBuild.targets(992,5): warning MSB8012: TargetName(jpg2tga) does not match the Linker's OutputFile property value (jpg2tga_d). This may cause your project to build incorrectly. To correct this, please make sure that $(OutDir), $(TargetName) and $(TargetExt) property values match the value specified in %(Link.OutputFile).
       Link:
         c:\Program Files (x86)\Microsoft Visual Studio 10.0\VC\bin\link.exe /ERRORREPORT:PROMPT /OUT:"../bin/jpg2tga_d.exe" /INCREMENTAL odbc32.lib odbccp32.lib kernel32.lib user32.lib gdi32.lib winspool.lib comdlg32.lib advapi32.lib shell32.lib ole32.lib oleaut32.lib uuid.lib odbc32.lib odbccp32.lib /MANIFEST /ManifestFile:".\Debug\jpg2tga.exe.intermediate.manifest" /MANIFESTUAC:"level='asInvoker' uiAccess='false'" /DEBUG /PDB:"C:\Users\nnesic\Desktop\ActiveLighting_2\jpgd03b\jpg2tga\Debug\jpg2tga.pdb" /SUBSYSTEM:CONSOLE /TLBID:1 /DYNAMICBASE /NXCOMPAT /IMPLIB:".\Debug\jpg2tga.lib" /MACHINE:X86 .\Debug\jpg2tga.exe.embed.manifest.res
         .\Debug\jpg2tga.obj
         .\Debug\writetga.obj
         Microsoft (R) Incremental Linker Version 10.00.30319.01
         Copyright (C) Microsoft Corporation.  All rights reserved.
         
         "/OUT:../bin/jpg2tga_d.exe" /INCREMENTAL odbc32.lib odbccp32.lib kernel32.lib user32.lib gdi32.lib winspool.lib comdlg32.lib advapi32.lib shell32.lib ole32.lib oleaut32.lib uuid.lib odbc32.lib odbccp32.lib /MANIFEST "/ManifestFile:.\Debug\jpg2tga.exe.intermediate.manifest" "/MANIFESTUAC:level='asInvoker' uiAccess='false'" /DEBUG "/PDB:C:\Users\nnesic\Desktop\ActiveLighting_2\jpgd03b\jpg2tga\Debug\jpg2tga.pdb" /SUBSYSTEM:CONSOLE /TLBID:1 /DYNAMICBASE /NXCOMPAT "/IMPLIB:.\Debug\jpg2tga.lib" /MACHINE:X86 .\Debug\jpg2tga.exe.embed.manifest.res 
         .\Debug\jpg2tga.obj 
         .\Debug\writetga.obj 
     1>jpg2tga.obj : error LNK2019: unresolved external symbol "public: int __thiscall jpeg_decoder::decode(void * *,unsigned int *)" (?decode@jpeg_decoder@@QAEHPAPAXPAI@Z) referenced in function _main
     1>jpg2tga.obj : error LNK2019: unresolved external symbol "public: int __thiscall jpeg_decoder::begin(void)" (?begin@jpeg_decoder@@QAEHXZ) referenced in function _main
     1>jpg2tga.obj : error LNK2019: unresolved external symbol "public: __thiscall jpeg_decoder::jpeg_decoder(class jpeg_decoder_stream *,bool)" (??0jpeg_decoder@@QAE@PAVjpeg_decoder_stream@@_N@Z) referenced in function _main
     1>jpg2tga.obj : error LNK2019: unresolved external symbol "public: __thiscall jpeg_decoder::~jpeg_decoder(void)" (??1jpeg_decoder@@QAE@XZ) referenced in function "public: void * __thiscall jpeg_decoder::`scalar deleting destructor'(unsigned int)" (??_Gjpeg_decoder@@QAEPAXI@Z)
     1>../bin/jpg2tga_d.exe : fatal error LNK1120: 4 unresolved externals
     1>Done Building Project "C:\Users\nnesic\Desktop\ActiveLighting_2\jpgd03b\jpg2tga\jpg2tga.vcxproj" (build target(s)) -- FAILED.

Build FAILED.

Time Elapsed 00:00:00.46
